A D/rsm1024x651_g62k28_usa_10km_merc////
A D/rsm1024x669_g62k28_usa_10km_merc////
A D/rsm108x109_g62k28_california_5km_merc////
A D/rsm108x69_g62k28_africa_60km_str////
A D/rsm125x109_g62k28_amma_50km_merc////
A D/rsm128x119_g62k28_game_50km_merc////
A D/rsm128x119_g62k28_tibet_50km_merc////
A D/rsm128x175_g62k28_lba_50km_merc////
A D/rsm128x199_g62k28_cal_10km_merc////
A D/rsm128x237_g62k28_hcs_20km_merc////
A D/rsm128x85_g62k28_usa_60km_merc////
A D/rsm128x91_g62k28_mdb_50km_merc////
A D/rsm128x97_g62k28_samer_60km_merc////
A D/rsm128x99_g62k28_gapp_50km_merc////
A D/rsm160x199_g62k28_cal_10km_merc////
A D/rsm160x199_g62k28_fukushima_15km_merc////
A D/rsm192x201_g62k28_japan_20km_merc////
A D/rsm25x21_g62k28_sea_190km_merc////
A D/rsm280x349_g62k28_cal_10km_merc////
A D/rsm288x349_g62k28_cal_10km_merc////
A D/rsm512x335_g62k28_usa_10km_merc////
A D/rsm512x341_g62k28_usa_10km_merc////
A D/rsm54x55_g42k18_usaw_60km_str////
A D/rsm54x55_g42k28_usaw_60km_str////
A D/rsm54x55_g62k28_cal_15km_merc////
A D/rsm54x55_g62k28_usaw_60km_str////
A D/rsm54x87_g62k28_namel_20km_merc////
A D/rsm56x55_g62k28_usaw_60km_str////
A D/rsm768x501_g62k28_usa_10km_merc////
A D/rsm80x151_g62k28_gom_10km_merc////
A D/rsm81x67_g62k28_africa_60km_merc////
A D/rsm81x67_g62k28_usa_60km_merc////
A D/rsm81x75_g62k28_mags_50km_merc////
A D/rsm81x87_g62k28_calcoast_40km_merc////
A D/rsm81x87_g62k28_china_30km_merc////
A D/rsm81x87_g62k28_cusa_20km_merc////
A D/rsm81x87_g62k28_eurp_40km_merc////
A D/rsm81x87_g62k28_india_30km_merc////
A D/rsm81x87_g62k28_japan_30km_merc////
A D/rsm81x87_g62k28_midee_30km_merc////
A D/rsm81x87_g62k28_midew_30km_merc////
A D/rsm81x87_g62k28_name2_40km_merc////
A D/rsm81x87_g62k28_usa_60km_merc////
A D/rsm81x91_g62k28_baltex_60km_merc////
A D/rsm864x651_g62k28_usa_10km_merc////
