A D/modelib////
A D/ncaru////
A D/w3lib////
A D/w3lib_cray////
A D/w3lib_dec////
A D/w3lib_hp////
A D/w3lib_ibmsp////
A D/w3lib_origin////
A D/w3lib_sgi////
A D/w3lib_sun////
A D/w3lib_t90////
A D/w3lib_t3e////
A D/w3lib_linux////
A D/w3lib_nec////
A D/w3lib_es////
A D/w3lib_mac////
A D/w3lib_intel////
A D/w3lib_sx6////
A D/w3lib_ibmspbv////
A D/w3lib_ibmspbs////
A D/w3lib_ibmspbl////
A D/bufrlib_cray////
A D/bufrlib_dec////
A D/bufrlib_hp////
A D/bufrlib_ibmsp////
A D/bufrlib_ibmspbv////
A D/bufrlib_origin////
A D/bufrlib_sgi////
A D/bufrlib_sun////
A D/bufrlib_t90////
A D/bufrlib_linux////
