A D/roms1024x651_usa_10km_merc////
A D/roms1024x669_usa_10km_merc////
A D/roms108x69_africa_60km_str////
A D/roms125x109_amma_50km_merc////
A D/roms128x119_game_50km_merc////
A D/roms128x175_lba_50km_merc////
A D/roms128x199_cal_10km_merc////
A D/roms128x237_hcs_20km_merc////
A D/roms128x85_usa_60km_merc////
A D/roms128x91_mdb_50km_merc////
A D/roms128x97_samer_60km_merc////
A D/roms128x99_gapp_50km_merc////
A D/roms160x199_cal_10km_merc////
A D/roms25x21_sea_190km_merc////
A D/roms280x349_cal_10km_merc////
A D/roms288x349_cal_10km_merc////
A D/roms360x281_global_100km_merc////
A D/roms512x335_usa_10km_merc////
A D/roms512x341_usa_10km_merc////
A D/roms54x55_cal_15km_merc////
A D/roms54x55_usaw_60km_str////
A D/roms54x87_namel_20km_merc////
A D/roms56x55_usaw_60km_str////
A D/roms768x501_usa_10km_merc////
A D/roms80x151_g62k28_gom_10km_merc////
A D/roms81x67_africa_60km_merc////
A D/roms81x67_usa_60km_merc////
A D/roms81x75_mags_50km_merc////
A D/roms81x87_calcoast_40km_merc////
A D/roms81x87_china_30km_merc////
A D/roms81x87_cusa_20km_merc////
A D/roms81x87_eurp_40km_merc////
A D/roms81x87_india_30km_merc////
A D/roms81x87_japan_30km_merc////
A D/roms81x87_midee_30km_merc////
A D/roms81x87_midew_30km_merc////
A D/roms81x87_name2_40km_merc////
A D/roms81x87_usa_60km_merc////
A D/roms81x91_baltex_60km_merc////
A D/roms864x651_usa_10km_merc////
